{"$message_type":"diagnostic","message":"expected one of `.`, `;`, `?`, `}`, or an operator, found doc comment `/// Finalize matured unbonding entries and return the released amount.`","code":null,"level":"error","spans":[{"file_name":"src/core/economics/staking.rs","byte_start":3933,"byte_end":3933,"line_start":119,"line_end":119,"column_start":15,"column_end":15,"is_primary":false,"text":[{"text":"        Ok(())","highlight_start":15,"highlight_end":15}],"label":"expected one of `.`, `;`, `?`, `}`, or an operator","suggested_replacement":null,"suggestion_applicability":null,"expansion":null},{"file_name":"src/core/economics/staking.rs","byte_start":3938,"byte_end":4008,"line_start":120,"line_end":120,"column_start":5,"column_end":75,"is_primary":true,"text":[{"text":"    /// Finalize matured unbonding entries and return the released amount.","highlight_start":5,"highlight_end":75}],"label":"unexpected token","suggested_replacement":null,"suggestion_applicability":null,"expansion":null}],"children":[{"message":"add a space before the last `/` to write a regular comment","code":null,"level":"help","spans":[{"file_name":"src/core/economics/staking.rs","byte_start":3940,"byte_end":3940,"line_start":120,"line_end":120,"column_start":7,"column_end":7,"is_primary":true,"text":[{"text":"    /// Finalize matured unbonding entries and return the released amount.","highlight_start":7,"highlight_end":7}],"label":null,"suggested_replacement":" ","suggestion_applicability":"MaybeIncorrect","expansion":null}],"children":[],"rendered":null}],"rendered":"\u001b[1m\u001b[91merror\u001b[0m\u001b[1m: expected one of `.`, `;`, `?`, `}`, or an operator, found doc comment `/// Finalize matured unbonding entries and return the released amount.`\u001b[0m\n   \u001b[1m\u001b[94m--> \u001b[0msrc/core/economics/staking.rs:120:5\n    \u001b[1m\u001b[94m|\u001b[0m\n\u001b[1m\u001b[94m119\u001b[0m \u001b[1m\u001b[94m|\u001b[0m         Ok(())\n    \u001b[1m\u001b[94m|\u001b[0m               \u001b[1m\u001b[94m-\u001b[0m \u001b[1m\u001b[94mexpected one of `.`, `;`, `?`, `}`, or an operator\u001b[0m\n\u001b[1m\u001b[94m120\u001b[0m \u001b[1m\u001b[94m|\u001b[0m     /// Finalize matured unbonding entries and return the released amount.\n    \u001b[1m\u001b[94m|\u001b[0m     \u001b[1m\u001b[91m^^^^^^^^^^^^^^^^^^^^^^^^^^^^^^^^^^^^^^^^^^^^^^^^^^^^^^^^^^^^^^^^^^^^^^\u001b[0m \u001b[1m\u001b[91munexpected token\u001b[0m\n    \u001b[1m\u001b[94m|\u001b[0m\n\u001b[1m\u001b[96mhelp\u001b[0m: add a space before the last `/` to write a regular comment\n    \u001b[1m\u001b[94m|\u001b[0m\n\u001b[1m\u001b[94m120\u001b[0m \u001b[1m\u001b[94m| \u001b[0m    //\u001b[92m \u001b[0m/ Finalize matured unbonding entries and return the released amount.\n    \u001b[1m\u001b[94m|\u001b[0m       \u001b[92m+\u001b[0m\n\n"}
{"$message_type":"diagnostic","message":"struct is not supported in `trait`s or `impl`s","code":null,"level":"error","spans":[{"file_name":"src/networking/p2p.rs","byte_start":4671,"byte_end":4690,"line_start":163,"line_end":163,"column_start":1,"column_end":20,"is_primary":true,"text":[{"text":"struct BackoffState {","highlight_start":1,"highlight_end":20}],"label":null,"suggested_replacement":null,"suggestion_applicability":null,"expansion":null}],"children":[{"message":"consider moving the struct out to a nearby module scope","code":null,"level":"help","spans":[],"children":[],"rendered":null}],"rendered":"\u001b[1m\u001b[91merror\u001b[0m\u001b[1m: struct is not supported in `trait`s or `impl`s\u001b[0m\n   \u001b[1m\u001b[94m--> \u001b[0msrc/networking/p2p.rs:163:1\n    \u001b[1m\u001b[94m|\u001b[0m\n\u001b[1m\u001b[94m163\u001b[0m \u001b[1m\u001b[94m|\u001b[0m struct BackoffState {\n    \u001b[1m\u001b[94m|\u001b[0m \u001b[1m\u001b[91m^^^^^^^^^^^^^^^^^^^\u001b[0m\n    \u001b[1m\u001b[94m|\u001b[0m\n    \u001b[1m\u001b[94m= \u001b[0m\u001b[1mhelp\u001b[0m: consider moving the struct out to a nearby module scope\n\n"}
{"$message_type":"diagnostic","message":"implementation is not supported in `trait`s or `impl`s","code":null,"level":"error","spans":[{"file_name":"src/networking/p2p.rs","byte_start":4734,"byte_end":4751,"line_start":168,"line_end":168,"column_start":1,"column_end":18,"is_primary":true,"text":[{"text":"impl BackoffState {","highlight_start":1,"highlight_end":18}],"label":null,"suggested_replacement":null,"suggestion_applicability":null,"expansion":null}],"children":[{"message":"consider moving the implementation out to a nearby module scope","code":null,"level":"help","spans":[],"children":[],"rendered":null}],"rendered":"\u001b[1m\u001b[91merror\u001b[0m\u001b[1m: implementation is not supported in `trait`s or `impl`s\u001b[0m\n   \u001b[1m\u001b[94m--> \u001b[0msrc/networking/p2p.rs:168:1\n    \u001b[1m\u001b[94m|\u001b[0m\n\u001b[1m\u001b[94m168\u001b[0m \u001b[1m\u001b[94m|\u001b[0m impl BackoffState {\n    \u001b[1m\u001b[94m|\u001b[0m \u001b[1m\u001b[91m^^^^^^^^^^^^^^^^^\u001b[0m\n    \u001b[1m\u001b[94m|\u001b[0m\n    \u001b[1m\u001b[94m= \u001b[0m\u001b[1mhelp\u001b[0m: consider moving the implementation out to a nearby module scope\n\n"}
{"$message_type":"diagnostic","message":"unresolved import `crate::core::security::keystore::verify_sig_bytes`","code":{"code":"E0432","explanation":"An import was unresolved.\n\nErroneous code example:\n\n```compile_fail,E0432\nuse something::Foo; // error: unresolved import `something::Foo`.\n```\n\nIn Rust 2015, paths in `use` statements are relative to the crate root. To\nimport items relative to the current and parent modules, use the `self::` and\n`super::` prefixes, respectively.\n\nIn Rust 2018 or later, paths in `use` statements are relative to the current\nmodule unless they begin with the name of a crate or a literal `crate::`, in\nwhich case they start from the crate root. As in Rust 2015 code, the `self::`\nand `super::` prefixes refer to the current and parent modules respectively.\n\nAlso verify that you didn't misspell the import name and that the import exists\nin the module from where you tried to import it. Example:\n\n```\nuse self::something::Foo; // Ok.\n\nmod something {\n    pub struct Foo;\n}\n# fn main() {}\n```\n\nIf you tried to use a module from an external crate and are using Rust 2015,\nyou may have missed the `extern crate` declaration (which is usually placed in\nthe crate root):\n\n```edition2015\nextern crate core; // Required to use the `core` crate in Rust 2015.\n\nuse core::any;\n# fn main() {}\n```\n\nSince Rust 2018 the `extern crate` declaration is not required and\nyou can instead just `use` it:\n\n```edition2018\nuse core::any; // No extern crate required in Rust 2018.\n# fn main() {}\n```\n"},"level":"error","spans":[{"file_name":"src/networking/peer_registry.rs","byte_start":1799,"byte_end":1815,"line_start":52,"line_end":52,"column_start":60,"column_end":76,"is_primary":true,"text":[{"text":"use crate::core::security::keystore::{verify_pubkey_bytes, verify_sig_bytes};","highlight_start":60,"highlight_end":76}],"label":"no `verify_sig_bytes` in `core::security::keystore`","suggested_replacement":null,"suggestion_applicability":null,"expansion":null}],"children":[],"rendered":"\u001b[1m\u001b[91merror[E0432]\u001b[0m\u001b[1m: unresolved import `crate::core::security::keystore::verify_sig_bytes`\u001b[0m\n  \u001b[1m\u001b[94m--> \u001b[0msrc/networking/peer_registry.rs:52:60\n   \u001b[1m\u001b[94m|\u001b[0m\n\u001b[1m\u001b[94m52\u001b[0m \u001b[1m\u001b[94m|\u001b[0m use crate::core::security::keystore::{verify_pubkey_bytes, verify_sig_bytes};\n   \u001b[1m\u001b[94m|\u001b[0m                                                            \u001b[1m\u001b[91m^^^^^^^^^^^^^^^^\u001b[0m \u001b[1m\u001b[91mno `verify_sig_bytes` in `core::security::keystore`\u001b[0m\n\n"}
{"$message_type":"diagnostic","message":"failed to resolve: use of undeclared type `SystemTime`","code":{"code":"E0433","explanation":"An undeclared crate, module, or type was used.\n\nErroneous code example:\n\n```compile_fail,E0433\nlet map = HashMap::new();\n// error: failed to resolve: use of undeclared type `HashMap`\n```\n\nPlease verify you didn't misspell the type/module's name or that you didn't\nforget to import it:\n\n```\nuse std::collections::HashMap; // HashMap has been imported.\nlet map: HashMap<u32, u32> = HashMap::new(); // So it can be used!\n```\n\nIf you've expected to use a crate name:\n\n```compile_fail\nuse ferris_wheel::BigO;\n// error: failed to resolve: use of undeclared module or unlinked crate\n```\n\nMake sure the crate has been added as a dependency in `Cargo.toml`.\n\nTo use a module from your current crate, add the `crate::` prefix to the path.\n"},"level":"error","spans":[{"file_name":"src/core/consensus/tide.rs","byte_start":4027,"byte_end":4037,"line_start":137,"line_end":137,"column_start":9,"column_end":19,"is_primary":true,"text":[{"text":"        SystemTime::now()","highlight_start":9,"highlight_end":19}],"label":"use of undeclared type `SystemTime`","suggested_replacement":null,"suggestion_applicability":null,"expansion":null}],"children":[{"message":"consider importing one of these structs","code":null,"level":"help","spans":[{"file_name":"src/core/consensus/tide.rs","byte_start":723,"byte_end":723,"line_start":18,"line_end":18,"column_start":1,"column_end":1,"is_primary":true,"text":[{"text":"use crate::core::{","highlight_start":1,"highlight_end":1}],"label":null,"suggested_replacement":"use std::time::SystemTime;\n","suggestion_applicability":"MaybeIncorrect","expansion":null},{"file_name":"src/core/consensus/tide.rs","byte_start":723,"byte_end":723,"line_start":18,"line_end":18,"column_start":1,"column_end":1,"is_primary":true,"text":[{"text":"use crate::core::{","highlight_start":1,"highlight_end":1}],"label":null,"suggested_replacement":"use tracing_subscriber::fmt::time::SystemTime;\n","suggestion_applicability":"MaybeIncorrect","expansion":null}],"children":[],"rendered":null}],"rendered":"\u001b[1m\u001b[91merror[E0433]\u001b[0m\u001b[1m: failed to resolve: use of undeclared type `SystemTime`\u001b[0m\n   \u001b[1m\u001b[94m--> \u001b[0msrc/core/consensus/tide.rs:137:9\n    \u001b[1m\u001b[94m|\u001b[0m\n\u001b[1m\u001b[94m137\u001b[0m \u001b[1m\u001b[94m|\u001b[0m         SystemTime::now()\n    \u001b[1m\u001b[94m|\u001b[0m         \u001b[1m\u001b[91m^^^^^^^^^^\u001b[0m \u001b[1m\u001b[91muse of undeclared type `SystemTime`\u001b[0m\n    \u001b[1m\u001b[94m|\u001b[0m\n\u001b[1m\u001b[96mhelp\u001b[0m: consider importing one of these structs\n    \u001b[1m\u001b[94m|\u001b[0m\n \u001b[1m\u001b[94m18\u001b[0m \u001b[92m+ use std::time::SystemTime;\u001b[0m\n    \u001b[1m\u001b[94m|\u001b[0m\n \u001b[1m\u001b[94m18\u001b[0m \u001b[92m+ use tracing_subscriber::fmt::time::SystemTime;\u001b[0m\n    \u001b[1m\u001b[94m|\u001b[0m\n\n"}
{"$message_type":"diagnostic","message":"cannot find value `UNIX_EPOCH` in this scope","code":{"code":"E0425","explanation":"An unresolved name was used.\n\nErroneous code examples:\n\n```compile_fail,E0425\nsomething_that_doesnt_exist::foo;\n// error: unresolved name `something_that_doesnt_exist::foo`\n\n// or:\n\ntrait Foo {\n    fn bar() {\n        Self; // error: unresolved name `Self`\n    }\n}\n\n// or:\n\nlet x = unknown_variable;  // error: unresolved name `unknown_variable`\n```\n\nPlease verify that the name wasn't misspelled and ensure that the\nidentifier being referred to is valid for the given situation. Example:\n\n```\nenum something_that_does_exist {\n    Foo,\n}\n```\n\nOr:\n\n```\nmod something_that_does_exist {\n    pub static foo : i32 = 0i32;\n}\n\nsomething_that_does_exist::foo; // ok!\n```\n\nOr:\n\n```\nlet unknown_variable = 12u32;\nlet x = unknown_variable; // ok!\n```\n\nIf the item is not defined in the current module, it must be imported using a\n`use` statement, like so:\n\n```\n# mod foo { pub fn bar() {} }\n# fn main() {\nuse foo::bar;\nbar();\n# }\n```\n\nIf the item you are importing is not defined in some super-module of the\ncurrent module, then it must also be declared as public (e.g., `pub fn`).\n"},"level":"error","spans":[{"file_name":"src/core/consensus/tide.rs","byte_start":4073,"byte_end":4083,"line_start":138,"line_end":138,"column_start":29,"column_end":39,"is_primary":true,"text":[{"text":"            .duration_since(UNIX_EPOCH)","highlight_start":29,"highlight_end":39}],"label":"not found in this scope","suggested_replacement":null,"suggestion_applicability":null,"expansion":null}],"children":[{"message":"consider importing this constant","code":null,"level":"help","spans":[{"file_name":"src/core/consensus/tide.rs","byte_start":723,"byte_end":723,"line_start":18,"line_end":18,"column_start":1,"column_end":1,"is_primary":true,"text":[{"text":"use crate::core::{","highlight_start":1,"highlight_end":1}],"label":null,"suggested_replacement":"use std::time::UNIX_EPOCH;\n","suggestion_applicability":"MaybeIncorrect","expansion":null}],"children":[],"rendered":null}],"rendered":"\u001b[1m\u001b[91merror[E0425]\u001b[0m\u001b[1m: cannot find value `UNIX_EPOCH` in this scope\u001b[0m\n   \u001b[1m\u001b[94m--> \u001b[0msrc/core/consensus/tide.rs:138:29\n    \u001b[1m\u001b[94m|\u001b[0m\n\u001b[1m\u001b[94m138\u001b[0m \u001b[1m\u001b[94m|\u001b[0m             .duration_since(UNIX_EPOCH)\n    \u001b[1m\u001b[94m|\u001b[0m                             \u001b[1m\u001b[91m^^^^^^^^^^\u001b[0m \u001b[1m\u001b[91mnot found in this scope\u001b[0m\n    \u001b[1m\u001b[94m|\u001b[0m\n\u001b[1m\u001b[96mhelp\u001b[0m: consider importing this constant\n    \u001b[1m\u001b[94m|\u001b[0m\n \u001b[1m\u001b[94m18\u001b[0m \u001b[92m+ use std::time::UNIX_EPOCH;\u001b[0m\n    \u001b[1m\u001b[94m|\u001b[0m\n\n"}
{"$message_type":"diagnostic","message":"cannot find type `BackoffState` in this scope","code":{"code":"E0412","explanation":"A used type name is not in scope.\n\nErroneous code examples:\n\n```compile_fail,E0412\nimpl Something {} // error: type name `Something` is not in scope\n\n// or:\n\ntrait Foo {\n    fn bar(N); // error: type name `N` is not in scope\n}\n\n// or:\n\nfn foo(x: T) {} // type name `T` is not in scope\n```\n\nTo fix this error, please verify you didn't misspell the type name, you did\ndeclare it or imported it into the scope. Examples:\n\n```\nstruct Something;\n\nimpl Something {} // ok!\n\n// or:\n\ntrait Foo {\n    type N;\n\n    fn bar(_: Self::N); // ok!\n}\n\n// or:\n\nfn foo<T>(x: T) {} // ok!\n```\n\nAnother case that causes this error is when a type is imported into a parent\nmodule. To fix this, you can follow the suggestion and use File directly or\n`use super::File;` which will import the types from the parent namespace. An\nexample that causes this error is below:\n\n```compile_fail,E0412\nuse std::fs::File;\n\nmod foo {\n    fn some_function(f: File) {}\n}\n```\n\n```\nuse std::fs::File;\n\nmod foo {\n    // either\n    use super::File;\n    // or\n    // use std::fs::File;\n    fn foo(f: File) {}\n}\n# fn main() {} // don't insert it for us; that'll break imports\n```\n"},"level":"error","spans":[{"file_name":"src/networking/p2p.rs","byte_start":10901,"byte_end":10913,"line_start":350,"line_end":350,"column_start":44,"column_end":56,"is_primary":true,"text":[{"text":"    let mut peer_backoff: BTreeMap<PeerId, BackoffState> = BTreeMap::new();","highlight_start":44,"highlight_end":56}],"label":"not found in this scope","suggested_replacement":null,"suggestion_applicability":null,"expansion":null}],"children":[{"message":"you might be missing a type parameter","code":null,"level":"help","spans":[{"file_name":"src/networking/p2p.rs","byte_start":8650,"byte_end":8650,"line_start":295,"line_end":295,"column_start":17,"column_end":17,"is_primary":true,"text":[{"text":"pub fn spawn_p2p(cfg: P2pConfig, metrics: Arc<Metrics>) -> Result<(P2pNode, EventRx, tokio::task::JoinHandle<()>), P2pError> {","highlight_start":17,"highlight_end":17}],"label":null,"suggested_replacement":"<BackoffState>","suggestion_applicability":"MaybeIncorrect","expansion":null}],"children":[],"rendered":null}],"rendered":"\u001b[1m\u001b[91merror[E0412]\u001b[0m\u001b[1m: cannot find type `BackoffState` in this scope\u001b[0m\n   \u001b[1m\u001b[94m--> \u001b[0msrc/networking/p2p.rs:350:44\n    \u001b[1m\u001b[94m|\u001b[0m\n\u001b[1m\u001b[94m350\u001b[0m \u001b[1m\u001b[94m|\u001b[0m     let mut peer_backoff: BTreeMap<PeerId, BackoffState> = BTreeMap::new();\n    \u001b[1m\u001b[94m|\u001b[0m                                            \u001b[1m\u001b[91m^^^^^^^^^^^^\u001b[0m \u001b[1m\u001b[91mnot found in this scope\u001b[0m\n    \u001b[1m\u001b[94m|\u001b[0m\n\u001b[1m\u001b[96mhelp\u001b[0m: you might be missing a type parameter\n    \u001b[1m\u001b[94m|\u001b[0m\n\u001b[1m\u001b[94m295\u001b[0m \u001b[1m\u001b[94m| \u001b[0mpub fn spawn_p2p\u001b[92m<BackoffState>\u001b[0m(cfg: P2pConfig, metrics: Arc<Metrics>) -> Result<(P2pNode, EventRx, tokio::task::JoinHandle<()>), P2pError> {\n    \u001b[1m\u001b[94m|\u001b[0m                 \u001b[92m++++++++++++++\u001b[0m\n\n"}
{"$message_type":"diagnostic","message":"unused import: `std::path::PathBuf`","code":{"code":"unused_imports","explanation":null},"level":"warning","spans":[{"file_name":"src/core/state/persistent_state.rs","byte_start":913,"byte_end":931,"line_start":20,"line_end":20,"column_start":5,"column_end":23,"is_primary":true,"text":[{"text":"use std::path::PathBuf;","highlight_start":5,"highlight_end":23}],"label":null,"suggested_replacement":null,"suggestion_applicability":null,"expansion":null}],"children":[{"message":"`#[warn(unused_imports)]` (part of `#[warn(unused)]`) on by default","code":null,"level":"note","spans":[],"children":[],"rendered":null},{"message":"remove the whole `use` item","code":null,"level":"help","spans":[{"file_name":"src/core/state/persistent_state.rs","byte_start":909,"byte_end":933,"line_start":20,"line_end":21,"column_start":1,"column_end":1,"is_primary":true,"text":[{"text":"use std::path::PathBuf;","highlight_start":1,"highlight_end":24},{"text":"use thiserror::Error;","highlight_start":1,"highlight_end":1}],"label":null,"suggested_replacement":"","suggestion_applicability":"MachineApplicable","expansion":null}],"children":[],"rendered":null}],"rendered":"\u001b[1m\u001b[33mwarning\u001b[0m\u001b[1m: unused import: `std::path::PathBuf`\u001b[0m\n  \u001b[1m\u001b[94m--> \u001b[0msrc/core/state/persistent_state.rs:20:5\n   \u001b[1m\u001b[94m|\u001b[0m\n\u001b[1m\u001b[94m20\u001b[0m \u001b[1m\u001b[94m|\u001b[0m use std::path::PathBuf;\n   \u001b[1m\u001b[94m|\u001b[0m     \u001b[1m\u001b[33m^^^^^^^^^^^^^^^^^^\u001b[0m\n   \u001b[1m\u001b[94m|\u001b[0m\n   \u001b[1m\u001b[94m= \u001b[0m\u001b[1mnote\u001b[0m: `#[warn(unused_imports)]` (part of `#[warn(unused)]`) on by default\n\n"}
{"$message_type":"diagnostic","message":"type annotations needed","code":{"code":"E0282","explanation":"The compiler could not infer a type and asked for a type annotation.\n\nErroneous code example:\n\n```compile_fail,E0282\nlet x = Vec::new();\n```\n\nThis error indicates that type inference did not result in one unique possible\ntype, and extra information is required. In most cases this can be provided\nby adding a type annotation. Sometimes you need to specify a generic type\nparameter manually.\n\nIn the example above, type `Vec` has a type parameter `T`. When calling\n`Vec::new`, barring any other later usage of the variable `x` that allows the\ncompiler to infer what type `T` is, the compiler needs to be told what it is.\n\nThe type can be specified on the variable:\n\n```\nlet x: Vec<i32> = Vec::new();\n```\n\nThe type can also be specified in the path of the expression:\n\n```\nlet x = Vec::<i32>::new();\n```\n\nIn cases with more complex types, it is not necessary to annotate the full\ntype. Once the ambiguity is resolved, the compiler can infer the rest:\n\n```\nlet x: Vec<_> = \"hello\".chars().rev().collect();\n```\n\nAnother way to provide the compiler with enough information, is to specify the\ngeneric type parameter:\n\n```\nlet x = \"hello\".chars().rev().collect::<Vec<char>>();\n```\n\nAgain, you need not specify the full type if the compiler can infer it:\n\n```\nlet x = \"hello\".chars().rev().collect::<Vec<_>>();\n```\n\nApart from a method or function with a generic type parameter, this error can\noccur when a type parameter of a struct or trait cannot be inferred. In that\ncase it is not always possible to use a type annotation, because all candidates\nhave the same return type. For instance:\n\n```compile_fail,E0282\nstruct Foo<T> {\n    num: T,\n}\n\nimpl<T> Foo<T> {\n    fn bar() -> i32 {\n        0\n    }\n\n    fn baz() {\n        let number = Foo::bar();\n    }\n}\n```\n\nThis will fail because the compiler does not know which instance of `Foo` to\ncall `bar` on. Change `Foo::bar()` to `Foo::<T>::bar()` to resolve the error.\n"},"level":"error","spans":[{"file_name":"src/core/consensus/tide.rs","byte_start":4106,"byte_end":4107,"line_start":139,"line_end":139,"column_start":22,"column_end":23,"is_primary":false,"text":[{"text":"            .map(|d| d.as_millis() as u64)","highlight_start":22,"highlight_end":23}],"label":"type must be known at this point","suggested_replacement":null,"suggestion_applicability":null,"expansion":null},{"file_name":"src/core/consensus/tide.rs","byte_start":4103,"byte_end":4104,"line_start":139,"line_end":139,"column_start":19,"column_end":20,"is_primary":true,"text":[{"text":"            .map(|d| d.as_millis() as u64)","highlight_start":19,"highlight_end":20}],"label":null,"suggested_replacement":null,"suggestion_applicability":null,"expansion":null}],"children":[{"message":"consider giving this closure parameter an explicit type","code":null,"level":"help","spans":[{"file_name":"src/core/consensus/tide.rs","byte_start":4104,"byte_end":4104,"line_start":139,"line_end":139,"column_start":20,"column_end":20,"is_primary":true,"text":[{"text":"            .map(|d| d.as_millis() as u64)","highlight_start":20,"highlight_end":20}],"label":null,"suggested_replacement":": /* Type */","suggestion_applicability":"HasPlaceholders","expansion":null}],"children":[],"rendered":null}],"rendered":"\u001b[1m\u001b[91merror[E0282]\u001b[0m\u001b[1m: type annotations needed\u001b[0m\n   \u001b[1m\u001b[94m--> \u001b[0msrc/core/consensus/tide.rs:139:19\n    \u001b[1m\u001b[94m|\u001b[0m\n\u001b[1m\u001b[94m139\u001b[0m \u001b[1m\u001b[94m|\u001b[0m             .map(|d| d.as_millis() as u64)\n    \u001b[1m\u001b[94m|\u001b[0m                   \u001b[1m\u001b[91m^\u001b[0m  \u001b[1m\u001b[94m-\u001b[0m \u001b[1m\u001b[94mtype must be known at this point\u001b[0m\n    \u001b[1m\u001b[94m|\u001b[0m\n\u001b[1m\u001b[96mhelp\u001b[0m: consider giving this closure parameter an explicit type\n    \u001b[1m\u001b[94m|\u001b[0m\n\u001b[1m\u001b[94m139\u001b[0m \u001b[1m\u001b[94m| \u001b[0m            .map(|d\u001b[92m: /* Type */\u001b[0m| d.as_millis() as u64)\n    \u001b[1m\u001b[94m|\u001b[0m                    \u001b[92m++++++++++++\u001b[0m\n\n"}
{"$message_type":"diagnostic","message":"no function or associated item named `verify_pubkey_bytes` found for struct `Keystore<B>` in the current scope","code":{"code":"E0599","explanation":"This error occurs when a method is used on a type which doesn't implement it:\n\nErroneous code example:\n\n```compile_fail,E0599\nstruct Mouth;\n\nlet x = Mouth;\nx.chocolate(); // error: no method named `chocolate` found for type `Mouth`\n               //        in the current scope\n```\n\nIn this case, you need to implement the `chocolate` method to fix the error:\n\n```\nstruct Mouth;\n\nimpl Mouth {\n    fn chocolate(&self) { // We implement the `chocolate` method here.\n        println!(\"Hmmm! I love chocolate!\");\n    }\n}\n\nlet x = Mouth;\nx.chocolate(); // ok!\n```\n"},"level":"error","spans":[{"file_name":"src/core/consensus/tide.rs","byte_start":7513,"byte_end":7532,"line_start":242,"line_end":242,"column_start":19,"column_end":38,"is_primary":true,"text":[{"text":"        Keystore::verify_pubkey_bytes(&pk_bytes, &msg, &v.signature).map_err(|_| TideError::BadSignature)?;","highlight_start":19,"highlight_end":38}],"label":"function or associated item not found in `Keystore<_>`","suggested_replacement":null,"suggestion_applicability":null,"expansion":null},{"file_name":"src/core/security/keystore.rs","byte_start":10588,"byte_end":10625,"line_start":323,"line_end":323,"column_start":1,"column_end":38,"is_primary":false,"text":[{"text":"pub struct Keystore<B: SignerBackend> {","highlight_start":1,"highlight_end":38}],"label":"function or associated item `verify_pubkey_bytes` not found for this struct","suggested_replacement":null,"suggestion_applicability":null,"expansion":null}],"children":[{"message":"if you're trying to build a new `Keystore<_>`, consider using `Keystore::<FileEd25519Backend>::open` which returns `Result<Keystore<FileEd25519Backend>, KeystoreError>`","code":null,"level":"note","spans":[{"file_name":"src/core/security/keystore.rs","byte_start":10846,"byte_end":10904,"line_start":331,"line_end":331,"column_start":5,"column_end":63,"is_primary":true,"text":[{"text":"    pub fn open(data_dir: &str) -> Result<Self, KeystoreError> {","highlight_start":5,"highlight_end":63}],"label":null,"suggested_replacement":null,"suggestion_applicability":null,"expansion":null}],"children":[],"rendered":null}],"rendered":"\u001b[1m\u001b[91merror[E0599]\u001b[0m\u001b[1m: no function or associated item named `verify_pubkey_bytes` found for struct `Keystore<B>` in the current scope\u001b[0m\n   \u001b[1m\u001b[94m--> \u001b[0msrc/core/consensus/tide.rs:242:19\n    \u001b[1m\u001b[94m|\u001b[0m\n\u001b[1m\u001b[94m242\u001b[0m \u001b[1m\u001b[94m|\u001b[0m         Keystore::verify_pubkey_bytes(&pk_bytes, &msg, &v.signature).map_err(|_| TideError::BadSignature)?;\n    \u001b[1m\u001b[94m|\u001b[0m                   \u001b[1m\u001b[91m^^^^^^^^^^^^^^^^^^^\u001b[0m \u001b[1m\u001b[91mfunction or associated item not found in `Keystore<_>`\u001b[0m\n    \u001b[1m\u001b[94m|\u001b[0m\n   \u001b[1m\u001b[94m::: \u001b[0msrc/core/security/keystore.rs:323:1\n    \u001b[1m\u001b[94m|\u001b[0m\n\u001b[1m\u001b[94m323\u001b[0m \u001b[1m\u001b[94m|\u001b[0m pub struct Keystore<B: SignerBackend> {\n    \u001b[1m\u001b[94m|\u001b[0m \u001b[1m\u001b[94m-------------------------------------\u001b[0m \u001b[1m\u001b[94mfunction or associated item `verify_pubkey_bytes` not found for this struct\u001b[0m\n    \u001b[1m\u001b[94m|\u001b[0m\n\u001b[1m\u001b[92mnote\u001b[0m: if you're trying to build a new `Keystore<_>`, consider using `Keystore::<FileEd25519Backend>::open` which returns `Result<Keystore<FileEd25519Backend>, KeystoreError>`\n   \u001b[1m\u001b[94m--> \u001b[0msrc/core/security/keystore.rs:331:5\n    \u001b[1m\u001b[94m|\u001b[0m\n\u001b[1m\u001b[94m331\u001b[0m \u001b[1m\u001b[94m|\u001b[0m     pub fn open(data_dir: &str) -> Result<Self, KeystoreError> {\n    \u001b[1m\u001b[94m|\u001b[0m     \u001b[1m\u001b[92m^^^^^^^^^^^^^^^^^^^^^^^^^^^^^^^^^^^^^^^^^^^^^^^^^^^^^^^^^^\u001b[0m\n\n"}
{"$message_type":"diagnostic","message":"no function or associated item named `verify_pubkey_bytes` found for struct `Keystore<B>` in the current scope","code":{"code":"E0599","explanation":"This error occurs when a method is used on a type which doesn't implement it:\n\nErroneous code example:\n\n```compile_fail,E0599\nstruct Mouth;\n\nlet x = Mouth;\nx.chocolate(); // error: no method named `chocolate` found for type `Mouth`\n               //        in the current scope\n```\n\nIn this case, you need to implement the `chocolate` method to fix the error:\n\n```\nstruct Mouth;\n\nimpl Mouth {\n    fn chocolate(&self) { // We implement the `chocolate` method here.\n        println!(\"Hmmm! I love chocolate!\");\n    }\n}\n\nlet x = Mouth;\nx.chocolate(); // ok!\n```\n"},"level":"error","spans":[{"file_name":"src/core/consensus/tide.rs","byte_start":8760,"byte_end":8779,"line_start":278,"line_end":278,"column_start":23,"column_end":42,"is_primary":true,"text":[{"text":"            Keystore::verify_pubkey_bytes(&pk_bytes, &bytes, sig).map_err(|_| TideError::BadSignature)?;","highlight_start":23,"highlight_end":42}],"label":"function or associated item not found in `Keystore<_>`","suggested_replacement":null,"suggestion_applicability":null,"expansion":null},{"file_name":"src/core/security/keystore.rs","byte_start":10588,"byte_end":10625,"line_start":323,"line_end":323,"column_start":1,"column_end":38,"is_primary":false,"text":[{"text":"pub struct Keystore<B: SignerBackend> {","highlight_start":1,"highlight_end":38}],"label":"function or associated item `verify_pubkey_bytes` not found for this struct","suggested_replacement":null,"suggestion_applicability":null,"expansion":null}],"children":[{"message":"if you're trying to build a new `Keystore<_>`, consider using `Keystore::<FileEd25519Backend>::open` which returns `Result<Keystore<FileEd25519Backend>, KeystoreError>`","code":null,"level":"note","spans":[{"file_name":"src/core/security/keystore.rs","byte_start":10846,"byte_end":10904,"line_start":331,"line_end":331,"column_start":5,"column_end":63,"is_primary":true,"text":[{"text":"    pub fn open(data_dir: &str) -> Result<Self, KeystoreError> {","highlight_start":5,"highlight_end":63}],"label":null,"suggested_replacement":null,"suggestion_applicability":null,"expansion":null}],"children":[],"rendered":null}],"rendered":"\u001b[1m\u001b[91merror[E0599]\u001b[0m\u001b[1m: no function or associated item named `verify_pubkey_bytes` found for struct `Keystore<B>` in the current scope\u001b[0m\n   \u001b[1m\u001b[94m--> \u001b[0msrc/core/consensus/tide.rs:278:23\n    \u001b[1m\u001b[94m|\u001b[0m\n\u001b[1m\u001b[94m278\u001b[0m \u001b[1m\u001b[94m|\u001b[0m             Keystore::verify_pubkey_bytes(&pk_bytes, &bytes, sig).map_err(|_| TideError::BadSignature)?;\n    \u001b[1m\u001b[94m|\u001b[0m                       \u001b[1m\u001b[91m^^^^^^^^^^^^^^^^^^^\u001b[0m \u001b[1m\u001b[91mfunction or associated item not found in `Keystore<_>`\u001b[0m\n    \u001b[1m\u001b[94m|\u001b[0m\n   \u001b[1m\u001b[94m::: \u001b[0msrc/core/security/keystore.rs:323:1\n    \u001b[1m\u001b[94m|\u001b[0m\n\u001b[1m\u001b[94m323\u001b[0m \u001b[1m\u001b[94m|\u001b[0m pub struct Keystore<B: SignerBackend> {\n    \u001b[1m\u001b[94m|\u001b[0m \u001b[1m\u001b[94m-------------------------------------\u001b[0m \u001b[1m\u001b[94mfunction or associated item `verify_pubkey_bytes` not found for this struct\u001b[0m\n    \u001b[1m\u001b[94m|\u001b[0m\n\u001b[1m\u001b[92mnote\u001b[0m: if you're trying to build a new `Keystore<_>`, consider using `Keystore::<FileEd25519Backend>::open` which returns `Result<Keystore<FileEd25519Backend>, KeystoreError>`\n   \u001b[1m\u001b[94m--> \u001b[0msrc/core/security/keystore.rs:331:5\n    \u001b[1m\u001b[94m|\u001b[0m\n\u001b[1m\u001b[94m331\u001b[0m \u001b[1m\u001b[94m|\u001b[0m     pub fn open(data_dir: &str) -> Result<Self, KeystoreError> {\n    \u001b[1m\u001b[94m|\u001b[0m     \u001b[1m\u001b[92m^^^^^^^^^^^^^^^^^^^^^^^^^^^^^^^^^^^^^^^^^^^^^^^^^^^^^^^^^^\u001b[0m\n\n"}
{"$message_type":"diagnostic","message":"mismatched types","code":{"code":"E0308","explanation":"Expected type did not match the received type.\n\nErroneous code examples:\n\n```compile_fail,E0308\nfn plus_one(x: i32) -> i32 {\n    x + 1\n}\n\nplus_one(\"Not a number\");\n//       ^^^^^^^^^^^^^^ expected `i32`, found `&str`\n\nif \"Not a bool\" {\n// ^^^^^^^^^^^^ expected `bool`, found `&str`\n}\n\nlet x: f32 = \"Not a float\";\n//     ---   ^^^^^^^^^^^^^ expected `f32`, found `&str`\n//     |\n//     expected due to this\n```\n\nThis error occurs when an expression was used in a place where the compiler\nexpected an expression of a different type. It can occur in several cases, the\nmost common being when calling a function and passing an argument which has a\ndifferent type than the matching type in the function declaration.\n"},"level":"error","spans":[{"file_name":"src/networking/p2p.rs","byte_start":8163,"byte_end":8169,"line_start":275,"line_end":275,"column_start":21,"column_end":27,"is_primary":true,"text":[{"text":"        f.write_all(&bytes).map_err(|_| P2pError::Io)?;","highlight_start":21,"highlight_end":27}],"label":"expected `&[u8]`, found `&Result<Vec<u8>, DecodingError>`","suggested_replacement":null,"suggestion_applicability":null,"expansion":null},{"file_name":"src/networking/p2p.rs","byte_start":8153,"byte_end":8162,"line_start":275,"line_end":275,"column_start":11,"column_end":20,"is_primary":false,"text":[{"text":"        f.write_all(&bytes).map_err(|_| P2pError::Io)?;","highlight_start":11,"highlight_end":20}],"label":"arguments to this method are incorrect","suggested_replacement":null,"suggestion_applicability":null,"expansion":null}],"children":[{"message":"expected reference `&[u8]`\n   found reference `&Result<Vec<u8>, libp2p::libp2p_identity::DecodingError>`","code":null,"level":"note","spans":[],"children":[],"rendered":null},{"message":"method defined here","code":null,"level":"note","spans":[{"file_name":"/rustc/ded5c06cf21d2b93bffd5d884aa6e96934ee4234/library/std/src/io/mod.rs","byte_start":64926,"byte_end":64935,"line_start":1835,"line_end":1835,"column_start":8,"column_end":17,"is_primary":true,"text":[],"label":null,"suggested_replacement":null,"suggestion_applicability":null,"expansion":null}],"children":[],"rendered":null}],"rendered":"\u001b[1m\u001b[91merror[E0308]\u001b[0m\u001b[1m: mismatched types\u001b[0m\n   \u001b[1m\u001b[94m--> \u001b[0msrc/networking/p2p.rs:275:21\n    \u001b[1m\u001b[94m|\u001b[0m\n\u001b[1m\u001b[94m275\u001b[0m \u001b[1m\u001b[94m|\u001b[0m         f.write_all(&bytes).map_err(|_| P2pError::Io)?;\n    \u001b[1m\u001b[94m|\u001b[0m           \u001b[1m\u001b[94m---------\u001b[0m \u001b[1m\u001b[91m^^^^^^\u001b[0m \u001b[1m\u001b[91mexpected `&[u8]`, found `&Result<Vec<u8>, DecodingError>`\u001b[0m\n    \u001b[1m\u001b[94m|\u001b[0m           \u001b[1m\u001b[94m|\u001b[0m\n    \u001b[1m\u001b[94m|\u001b[0m           \u001b[1m\u001b[94marguments to this method are incorrect\u001b[0m\n    \u001b[1m\u001b[94m|\u001b[0m\n    \u001b[1m\u001b[94m= \u001b[0m\u001b[1mnote\u001b[0m: expected reference `&\u001b[1m\u001b[35m[u8]\u001b[0m`\n               found reference `&\u001b[1m\u001b[35mResult<Vec<u8>, libp2p::libp2p_identity::DecodingError>\u001b[0m`\n\u001b[1m\u001b[92mnote\u001b[0m: method defined here\n   \u001b[1m\u001b[94m--> \u001b[0m/rustc/ded5c06cf21d2b93bffd5d884aa6e96934ee4234/library/std/src/io/mod.rs:1835:8\n\n"}
{"$message_type":"diagnostic","message":"this function takes 4 arguments but 3 arguments were supplied","code":{"code":"E0061","explanation":"An invalid number of arguments was passed when calling a function.\n\nErroneous code example:\n\n```compile_fail,E0061\nfn f(u: i32) {}\n\nf(); // error!\n```\n\nThe number of arguments passed to a function must match the number of arguments\nspecified in the function signature.\n\nFor example, a function like:\n\n```\nfn f(a: u16, b: &str) {}\n```\n\nMust always be called with exactly two arguments, e.g., `f(2, \"test\")`.\n\nNote that Rust does not have a notion of optional function arguments or\nvariadic functions (except for its C-FFI).\n"},"level":"error","spans":[{"file_name":"src/networking/p2p.rs","byte_start":10172,"byte_end":10209,"line_start":332,"line_end":332,"column_start":31,"column_end":68,"is_primary":false,"text":[{"text":"    let mut swarm = Swarm::new(transport, behaviour, local_peer_id);","highlight_start":31,"highlight_end":68}],"label":"argument #4 of type `libp2p::libp2p_swarm::Config` is missing","suggested_replacement":null,"suggestion_applicability":null,"expansion":null},{"file_name":"src/networking/p2p.rs","byte_start":10162,"byte_end":10172,"line_start":332,"line_end":332,"column_start":21,"column_end":31,"is_primary":true,"text":[{"text":"    let mut swarm = Swarm::new(transport, behaviour, local_peer_id);","highlight_start":21,"highlight_end":31}],"label":null,"suggested_replacement":null,"suggestion_applicability":null,"expansion":null}],"children":[{"message":"associated function defined here","code":null,"level":"note","spans":[{"file_name":"/home/amun/.cargo/registry/src/index.crates.io-1949cf8c6b5b557f/libp2p-swarm-0.44.2/src/lib.rs","byte_start":14807,"byte_end":14810,"line_start":361,"line_end":361,"column_start":12,"column_end":15,"is_primary":true,"text":[{"text":"    pub fn new(","highlight_start":12,"highlight_end":15}],"label":null,"suggested_replacement":null,"suggestion_applicability":null,"expansion":null}],"children":[],"rendered":null},{"message":"provide the argument","code":null,"level":"help","spans":[{"file_name":"src/networking/p2p.rs","byte_start":10172,"byte_end":10209,"line_start":332,"line_end":332,"column_start":31,"column_end":68,"is_primary":true,"text":[{"text":"    let mut swarm = Swarm::new(transport, behaviour, local_peer_id);","highlight_start":31,"highlight_end":68}],"label":null,"suggested_replacement":"(transport, behaviour, local_peer_id, /* libp2p::libp2p_swarm::Config */)","suggestion_applicability":"HasPlaceholders","expansion":null}],"children":[],"rendered":null}],"rendered":"\u001b[1m\u001b[91merror[E0061]\u001b[0m\u001b[1m: this function takes 4 arguments but 3 arguments were supplied\u001b[0m\n   \u001b[1m\u001b[94m--> \u001b[0msrc/networking/p2p.rs:332:21\n    \u001b[1m\u001b[94m|\u001b[0m\n\u001b[1m\u001b[94m332\u001b[0m \u001b[1m\u001b[94m|\u001b[0m     let mut swarm = Swarm::new(transport, behaviour, local_peer_id);\n    \u001b[1m\u001b[94m|\u001b[0m                     \u001b[1m\u001b[91m^^^^^^^^^^\u001b[0m\u001b[1m\u001b[94m-------------------------------------\u001b[0m \u001b[1m\u001b[94margument #4 of type `libp2p::libp2p_swarm::Config` is missing\u001b[0m\n    \u001b[1m\u001b[94m|\u001b[0m\n\u001b[1m\u001b[92mnote\u001b[0m: associated function defined here\n   \u001b[1m\u001b[94m--> \u001b[0m/home/amun/.cargo/registry/src/index.crates.io-1949cf8c6b5b557f/libp2p-swarm-0.44.2/src/lib.rs:361:12\n    \u001b[1m\u001b[94m|\u001b[0m\n\u001b[1m\u001b[94m361\u001b[0m \u001b[1m\u001b[94m|\u001b[0m     pub fn new(\n    \u001b[1m\u001b[94m|\u001b[0m            \u001b[1m\u001b[92m^^^\u001b[0m\n\u001b[1m\u001b[96mhelp\u001b[0m: provide the argument\n    \u001b[1m\u001b[94m|\u001b[0m\n\u001b[1m\u001b[94m332\u001b[0m \u001b[1m\u001b[94m| \u001b[0m    let mut swarm = Swarm::new(transport, behaviour, local_peer_id\u001b[92m, /* libp2p::libp2p_swarm::Config */\u001b[0m);\n    \u001b[1m\u001b[94m|\u001b[0m                                                                   \u001b[92m++++++++++++++++++++++++++++++++++++\u001b[0m\n\n"}
{"$message_type":"diagnostic","message":"no method named `select_next_some` found for struct `Swarm<TBehaviour>` in the current scope","code":{"code":"E0599","explanation":"This error occurs when a method is used on a type which doesn't implement it:\n\nErroneous code example:\n\n```compile_fail,E0599\nstruct Mouth;\n\nlet x = Mouth;\nx.chocolate(); // error: no method named `chocolate` found for type `Mouth`\n               //        in the current scope\n```\n\nIn this case, you need to implement the `chocolate` method to fix the error:\n\n```\nstruct Mouth;\n\nimpl Mouth {\n    fn chocolate(&self) { // We implement the `chocolate` method here.\n        println!(\"Hmmm! I love chocolate!\");\n    }\n}\n\nlet x = Mouth;\nx.chocolate(); // ok!\n```\n"},"level":"error","spans":[{"file_name":"src/networking/p2p.rs","byte_start":11768,"byte_end":11784,"line_start":372,"line_end":372,"column_start":28,"column_end":44,"is_primary":true,"text":[{"text":"                ev = swarm.select_next_some() => {","highlight_start":28,"highlight_end":44}],"label":"method not found in `Swarm<p2p::Behaviour>`","suggested_replacement":null,"suggestion_applicability":null,"expansion":null},{"file_name":"/home/amun/.cargo/registry/src/index.crates.io-1949cf8c6b5b557f/futures-util-0.3.31/src/stream/stream/mod.rs","byte_start":58726,"byte_end":58742,"line_start":1691,"line_end":1691,"column_start":8,"column_end":24,"is_primary":false,"text":[{"text":"    fn select_next_some(&mut self) -> SelectNextSome<'_, Self>","highlight_start":8,"highlight_end":24}],"label":"the method is available for `Swarm<p2p::Behaviour>` here","suggested_replacement":null,"suggestion_applicability":null,"expansion":null}],"children":[{"message":"items from traits can only be used if the trait is in scope","code":null,"level":"help","spans":[],"children":[],"rendered":null},{"message":"trait `StreamExt` which provides `select_next_some` is implemented but not in scope; perhaps you want to import it","code":null,"level":"help","spans":[{"file_name":"src/networking/p2p.rs","byte_start":725,"byte_end":725,"line_start":18,"line_end":18,"column_start":1,"column_end":1,"is_primary":true,"text":[{"text":"use crate::{","highlight_start":1,"highlight_end":1}],"label":null,"suggested_replacement":"use libp2p::futures::StreamExt;\n","suggestion_applicability":"MaybeIncorrect","expansion":null}],"children":[],"rendered":null}],"rendered":"\u001b[1m\u001b[91merror[E0599]\u001b[0m\u001b[1m: no method named `select_next_some` found for struct `Swarm<TBehaviour>` in the current scope\u001b[0m\n    \u001b[1m\u001b[94m--> \u001b[0msrc/networking/p2p.rs:372:28\n     \u001b[1m\u001b[94m|\u001b[0m\n \u001b[1m\u001b[94m372\u001b[0m \u001b[1m\u001b[94m|\u001b[0m                 ev = swarm.select_next_some() => {\n     \u001b[1m\u001b[94m|\u001b[0m                            \u001b[1m\u001b[91m^^^^^^^^^^^^^^^^\u001b[0m \u001b[1m\u001b[91mmethod not found in `Swarm<p2p::Behaviour>`\u001b[0m\n     \u001b[1m\u001b[94m|\u001b[0m\n    \u001b[1m\u001b[94m::: \u001b[0m/home/amun/.cargo/registry/src/index.crates.io-1949cf8c6b5b557f/futures-util-0.3.31/src/stream/stream/mod.rs:1691:8\n     \u001b[1m\u001b[94m|\u001b[0m\n\u001b[1m\u001b[94m1691\u001b[0m \u001b[1m\u001b[94m|\u001b[0m     fn select_next_some(&mut self) -> SelectNextSome<'_, Self>\n     \u001b[1m\u001b[94m|\u001b[0m        \u001b[1m\u001b[94m----------------\u001b[0m \u001b[1m\u001b[94mthe method is available for `Swarm<p2p::Behaviour>` here\u001b[0m\n     \u001b[1m\u001b[94m|\u001b[0m\n     \u001b[1m\u001b[94m= \u001b[0m\u001b[1mhelp\u001b[0m: items from traits can only be used if the trait is in scope\n\u001b[1m\u001b[96mhelp\u001b[0m: trait `StreamExt` which provides `select_next_some` is implemented but not in scope; perhaps you want to import it\n     \u001b[1m\u001b[94m|\u001b[0m\n  \u001b[1m\u001b[94m18\u001b[0m \u001b[92m+ use libp2p::futures::StreamExt;\u001b[0m\n     \u001b[1m\u001b[94m|\u001b[0m\n\n"}
{"$message_type":"diagnostic","message":"failed to resolve: use of undeclared type `BackoffState`","code":{"code":"E0433","explanation":"An undeclared crate, module, or type was used.\n\nErroneous code example:\n\n```compile_fail,E0433\nlet map = HashMap::new();\n// error: failed to resolve: use of undeclared type `HashMap`\n```\n\nPlease verify you didn't misspell the type/module's name or that you didn't\nforget to import it:\n\n```\nuse std::collections::HashMap; // HashMap has been imported.\nlet map: HashMap<u32, u32> = HashMap::new(); // So it can be used!\n```\n\nIf you've expected to use a crate name:\n\n```compile_fail\nuse ferris_wheel::BigO;\n// error: failed to resolve: use of undeclared module or unlinked crate\n```\n\nMake sure the crate has been added as a dependency in `Cargo.toml`.\n\nTo use a module from your current crate, add the `crate::` prefix to the path.\n"},"level":"error","spans":[{"file_name":"src/networking/p2p.rs","byte_start":13776,"byte_end":13788,"line_start":406,"line_end":406,"column_start":83,"column_end":95,"is_primary":true,"text":[{"text":"                                    peer_backoff.entry(peer_id).or_insert_with(|| BackoffState::new(now));","highlight_start":83,"highlight_end":95}],"label":"use of undeclared type `BackoffState`","suggested_replacement":null,"suggestion_applicability":null,"expansion":null}],"children":[],"rendered":"\u001b[1m\u001b[91merror[E0433]\u001b[0m\u001b[1m: failed to resolve: use of undeclared type `BackoffState`\u001b[0m\n   \u001b[1m\u001b[94m--> \u001b[0msrc/networking/p2p.rs:406:83\n    \u001b[1m\u001b[94m|\u001b[0m\n\u001b[1m\u001b[94m406\u001b[0m \u001b[1m\u001b[94m|\u001b[0m \u001b[1m\u001b[94m...\u001b[0m                   peer_backoff.entry(peer_id).or_insert_with(|| BackoffState::new(now));\n    \u001b[1m\u001b[94m|\u001b[0m                                                                     \u001b[1m\u001b[91m^^^^^^^^^^^^\u001b[0m \u001b[1m\u001b[91muse of undeclared type `BackoffState`\u001b[0m\n\n"}
{"$message_type":"diagnostic","message":"type annotations needed","code":{"code":"E0282","explanation":"The compiler could not infer a type and asked for a type annotation.\n\nErroneous code example:\n\n```compile_fail,E0282\nlet x = Vec::new();\n```\n\nThis error indicates that type inference did not result in one unique possible\ntype, and extra information is required. In most cases this can be provided\nby adding a type annotation. Sometimes you need to specify a generic type\nparameter manually.\n\nIn the example above, type `Vec` has a type parameter `T`. When calling\n`Vec::new`, barring any other later usage of the variable `x` that allows the\ncompiler to infer what type `T` is, the compiler needs to be told what it is.\n\nThe type can be specified on the variable:\n\n```\nlet x: Vec<i32> = Vec::new();\n```\n\nThe type can also be specified in the path of the expression:\n\n```\nlet x = Vec::<i32>::new();\n```\n\nIn cases with more complex types, it is not necessary to annotate the full\ntype. Once the ambiguity is resolved, the compiler can infer the rest:\n\n```\nlet x: Vec<_> = \"hello\".chars().rev().collect();\n```\n\nAnother way to provide the compiler with enough information, is to specify the\ngeneric type parameter:\n\n```\nlet x = \"hello\".chars().rev().collect::<Vec<char>>();\n```\n\nAgain, you need not specify the full type if the compiler can infer it:\n\n```\nlet x = \"hello\".chars().rev().collect::<Vec<_>>();\n```\n\nApart from a method or function with a generic type parameter, this error can\noccur when a type parameter of a struct or trait cannot be inferred. In that\ncase it is not always possible to use a type annotation, because all candidates\nhave the same return type. For instance:\n\n```compile_fail,E0282\nstruct Foo<T> {\n    num: T,\n}\n\nimpl<T> Foo<T> {\n    fn bar() -> i32 {\n        0\n    }\n\n    fn baz() {\n        let number = Foo::bar();\n    }\n}\n```\n\nThis will fail because the compiler does not know which instance of `Foo` to\ncall `bar` on. Change `Foo::bar()` to `Foo::<T>::bar()` to resolve the error.\n"},"level":"error","spans":[{"file_name":"src/networking/p2p.rs","byte_start":15657,"byte_end":15658,"line_start":437,"line_end":437,"column_start":36,"column_end":37,"is_primary":true,"text":[{"text":"                                if b.should_drop(now) {","highlight_start":36,"highlight_end":37}],"label":"cannot infer type","suggested_replacement":null,"suggestion_applicability":null,"expansion":null}],"children":[],"rendered":"\u001b[1m\u001b[91merror[E0282]\u001b[0m\u001b[1m: type annotations needed\u001b[0m\n   \u001b[1m\u001b[94m--> \u001b[0msrc/networking/p2p.rs:437:36\n    \u001b[1m\u001b[94m|\u001b[0m\n\u001b[1m\u001b[94m437\u001b[0m \u001b[1m\u001b[94m|\u001b[0m \u001b[1m\u001b[94m...\u001b[0m                   if b.should_drop(now) {\n    \u001b[1m\u001b[94m|\u001b[0m                          \u001b[1m\u001b[91m^\u001b[0m \u001b[1m\u001b[91mcannot infer type\u001b[0m\n\n"}
{"$message_type":"diagnostic","message":"failed to resolve: use of undeclared type `BackoffState`","code":{"code":"E0433","explanation":"An undeclared crate, module, or type was used.\n\nErroneous code example:\n\n```compile_fail,E0433\nlet map = HashMap::new();\n// error: failed to resolve: use of undeclared type `HashMap`\n```\n\nPlease verify you didn't misspell the type/module's name or that you didn't\nforget to import it:\n\n```\nuse std::collections::HashMap; // HashMap has been imported.\nlet map: HashMap<u32, u32> = HashMap::new(); // So it can be used!\n```\n\nIf you've expected to use a crate name:\n\n```compile_fail\nuse ferris_wheel::BigO;\n// error: failed to resolve: use of undeclared module or unlinked crate\n```\n\nMake sure the crate has been added as a dependency in `Cargo.toml`.\n\nTo use a module from your current crate, add the `crate::` prefix to the path.\n"},"level":"error","spans":[{"file_name":"src/networking/p2p.rs","byte_start":16186,"byte_end":16198,"line_start":446,"line_end":446,"column_start":90,"column_end":102,"is_primary":true,"text":[{"text":"                                peer_backoff.entry(propagation_source).or_insert_with(|| BackoffState::new(now))","highlight_start":90,"highlight_end":102}],"label":"use of undeclared type `BackoffState`","suggested_replacement":null,"suggestion_applicability":null,"expansion":null}],"children":[],"rendered":"\u001b[1m\u001b[91merror[E0433]\u001b[0m\u001b[1m: failed to resolve: use of undeclared type `BackoffState`\u001b[0m\n   \u001b[1m\u001b[94m--> \u001b[0msrc/networking/p2p.rs:446:90\n    \u001b[1m\u001b[94m|\u001b[0m\n\u001b[1m\u001b[94m446\u001b[0m \u001b[1m\u001b[94m|\u001b[0m \u001b[1m\u001b[94m...\u001b[0m                   peer_backoff.entry(propagation_source).or_insert_with(|| BackoffState::new(now))\n    \u001b[1m\u001b[94m|\u001b[0m                                                                                \u001b[1m\u001b[91m^^^^^^^^^^^^\u001b[0m \u001b[1m\u001b[91muse of undeclared type `BackoffState`\u001b[0m\n\n"}
{"$message_type":"diagnostic","message":"failed to resolve: use of undeclared type `BackoffState`","code":{"code":"E0433","explanation":"An undeclared crate, module, or type was used.\n\nErroneous code example:\n\n```compile_fail,E0433\nlet map = HashMap::new();\n// error: failed to resolve: use of undeclared type `HashMap`\n```\n\nPlease verify you didn't misspell the type/module's name or that you didn't\nforget to import it:\n\n```\nuse std::collections::HashMap; // HashMap has been imported.\nlet map: HashMap<u32, u32> = HashMap::new(); // So it can be used!\n```\n\nIf you've expected to use a crate name:\n\n```compile_fail\nuse ferris_wheel::BigO;\n// error: failed to resolve: use of undeclared module or unlinked crate\n```\n\nMake sure the crate has been added as a dependency in `Cargo.toml`.\n\nTo use a module from your current crate, add the `crate::` prefix to the path.\n"},"level":"error","spans":[{"file_name":"src/networking/p2p.rs","byte_start":17907,"byte_end":17919,"line_start":478,"line_end":478,"column_start":90,"column_end":102,"is_primary":true,"text":[{"text":"                                peer_backoff.entry(propagation_source).or_insert_with(|| BackoffState::new(now))","highlight_start":90,"highlight_end":102}],"label":"use of undeclared type `BackoffState`","suggested_replacement":null,"suggestion_applicability":null,"expansion":null}],"children":[],"rendered":"\u001b[1m\u001b[91merror[E0433]\u001b[0m\u001b[1m: failed to resolve: use of undeclared type `BackoffState`\u001b[0m\n   \u001b[1m\u001b[94m--> \u001b[0msrc/networking/p2p.rs:478:90\n    \u001b[1m\u001b[94m|\u001b[0m\n\u001b[1m\u001b[94m478\u001b[0m \u001b[1m\u001b[94m|\u001b[0m \u001b[1m\u001b[94m...\u001b[0m                   peer_backoff.entry(propagation_source).or_insert_with(|| BackoffState::new(now))\n    \u001b[1m\u001b[94m|\u001b[0m                                                                                \u001b[1m\u001b[91m^^^^^^^^^^^^\u001b[0m \u001b[1m\u001b[91muse of undeclared type `BackoffState`\u001b[0m\n\n"}
{"$message_type":"diagnostic","message":"failed to resolve: use of undeclared type `BackoffState`","code":{"code":"E0433","explanation":"An undeclared crate, module, or type was used.\n\nErroneous code example:\n\n```compile_fail,E0433\nlet map = HashMap::new();\n// error: failed to resolve: use of undeclared type `HashMap`\n```\n\nPlease verify you didn't misspell the type/module's name or that you didn't\nforget to import it:\n\n```\nuse std::collections::HashMap; // HashMap has been imported.\nlet map: HashMap<u32, u32> = HashMap::new(); // So it can be used!\n```\n\nIf you've expected to use a crate name:\n\n```compile_fail\nuse ferris_wheel::BigO;\n// error: failed to resolve: use of undeclared module or unlinked crate\n```\n\nMake sure the crate has been added as a dependency in `Cargo.toml`.\n\nTo use a module from your current crate, add the `crate::` prefix to the path.\n"},"level":"error","spans":[{"file_name":"src/networking/p2p.rs","byte_start":18833,"byte_end":18845,"line_start":493,"line_end":493,"column_start":90,"column_end":102,"is_primary":true,"text":[{"text":"                                peer_backoff.entry(propagation_source).or_insert_with(|| BackoffState::new(now))","highlight_start":90,"highlight_end":102}],"label":"use of undeclared type `BackoffState`","suggested_replacement":null,"suggestion_applicability":null,"expansion":null}],"children":[],"rendered":"\u001b[1m\u001b[91merror[E0433]\u001b[0m\u001b[1m: failed to resolve: use of undeclared type `BackoffState`\u001b[0m\n   \u001b[1m\u001b[94m--> \u001b[0msrc/networking/p2p.rs:493:90\n    \u001b[1m\u001b[94m|\u001b[0m\n\u001b[1m\u001b[94m493\u001b[0m \u001b[1m\u001b[94m|\u001b[0m \u001b[1m\u001b[94m...\u001b[0m                   peer_backoff.entry(propagation_source).or_insert_with(|| BackoffState::new(now))\n    \u001b[1m\u001b[94m|\u001b[0m                                                                                \u001b[1m\u001b[91m^^^^^^^^^^^^\u001b[0m \u001b[1m\u001b[91muse of undeclared type `BackoffState`\u001b[0m\n\n"}
{"$message_type":"diagnostic","message":"failed to resolve: use of undeclared type `BackoffState`","code":{"code":"E0433","explanation":"An undeclared crate, module, or type was used.\n\nErroneous code example:\n\n```compile_fail,E0433\nlet map = HashMap::new();\n// error: failed to resolve: use of undeclared type `HashMap`\n```\n\nPlease verify you didn't misspell the type/module's name or that you didn't\nforget to import it:\n\n```\nuse std::collections::HashMap; // HashMap has been imported.\nlet map: HashMap<u32, u32> = HashMap::new(); // So it can be used!\n```\n\nIf you've expected to use a crate name:\n\n```compile_fail\nuse ferris_wheel::BigO;\n// error: failed to resolve: use of undeclared module or unlinked crate\n```\n\nMake sure the crate has been added as a dependency in `Cargo.toml`.\n\nTo use a module from your current crate, add the `crate::` prefix to the path.\n"},"level":"error","spans":[{"file_name":"src/networking/p2p.rs","byte_start":19476,"byte_end":19488,"line_start":503,"line_end":503,"column_start":94,"column_end":106,"is_primary":true,"text":[{"text":"                                    peer_backoff.entry(propagation_source).or_insert_with(|| BackoffState::new(now))","highlight_start":94,"highlight_end":106}],"label":"use of undeclared type `BackoffState`","suggested_replacement":null,"suggestion_applicability":null,"expansion":null}],"children":[],"rendered":"\u001b[1m\u001b[91merror[E0433]\u001b[0m\u001b[1m: failed to resolve: use of undeclared type `BackoffState`\u001b[0m\n   \u001b[1m\u001b[94m--> \u001b[0msrc/networking/p2p.rs:503:94\n    \u001b[1m\u001b[94m|\u001b[0m\n\u001b[1m\u001b[94m503\u001b[0m \u001b[1m\u001b[94m|\u001b[0m \u001b[1m\u001b[94m...\u001b[0m                   peer_backoff.entry(propagation_source).or_insert_with(|| BackoffState::new(now))\n    \u001b[1m\u001b[94m|\u001b[0m                                                                                \u001b[1m\u001b[91m^^^^^^^^^^^^\u001b[0m \u001b[1m\u001b[91muse of undeclared type `BackoffState`\u001b[0m\n\n"}
{"$message_type":"diagnostic","message":"failed to resolve: use of undeclared type `BackoffState`","code":{"code":"E0433","explanation":"An undeclared crate, module, or type was used.\n\nErroneous code example:\n\n```compile_fail,E0433\nlet map = HashMap::new();\n// error: failed to resolve: use of undeclared type `HashMap`\n```\n\nPlease verify you didn't misspell the type/module's name or that you didn't\nforget to import it:\n\n```\nuse std::collections::HashMap; // HashMap has been imported.\nlet map: HashMap<u32, u32> = HashMap::new(); // So it can be used!\n```\n\nIf you've expected to use a crate name:\n\n```compile_fail\nuse ferris_wheel::BigO;\n// error: failed to resolve: use of undeclared module or unlinked crate\n```\n\nMake sure the crate has been added as a dependency in `Cargo.toml`.\n\nTo use a module from your current crate, add the `crate::` prefix to the path.\n"},"level":"error","spans":[{"file_name":"src/networking/p2p.rs","byte_start":20982,"byte_end":20994,"line_start":525,"line_end":525,"column_start":60,"column_end":72,"is_primary":true,"text":[{"text":"                                        .or_insert_with(|| BackoffState::new(now))","highlight_start":60,"highlight_end":72}],"label":"use of undeclared type `BackoffState`","suggested_replacement":null,"suggestion_applicability":null,"expansion":null}],"children":[],"rendered":"\u001b[1m\u001b[91merror[E0433]\u001b[0m\u001b[1m: failed to resolve: use of undeclared type `BackoffState`\u001b[0m\n   \u001b[1m\u001b[94m--> \u001b[0msrc/networking/p2p.rs:525:60\n    \u001b[1m\u001b[94m|\u001b[0m\n\u001b[1m\u001b[94m525\u001b[0m \u001b[1m\u001b[94m|\u001b[0m \u001b[1m\u001b[94m...\u001b[0m                   .or_insert_with(|| BackoffState::new(now))\n    \u001b[1m\u001b[94m|\u001b[0m                                          \u001b[1m\u001b[91m^^^^^^^^^^^^\u001b[0m \u001b[1m\u001b[91muse of undeclared type `BackoffState`\u001b[0m\n\n"}
{"$message_type":"diagnostic","message":"this function takes 3 arguments but 1 argument was supplied","code":{"code":"E0061","explanation":"An invalid number of arguments was passed when calling a function.\n\nErroneous code example:\n\n```compile_fail,E0061\nfn f(u: i32) {}\n\nf(); // error!\n```\n\nThe number of arguments passed to a function must match the number of arguments\nspecified in the function signature.\n\nFor example, a function like:\n\n```\nfn f(a: u16, b: &str) {}\n```\n\nMust always be called with exactly two arguments, e.g., `f(2, \"test\")`.\n\nNote that Rust does not have a notion of optional function arguments or\nvariadic functions (except for its C-FFI).\n"},"level":"error","spans":[{"file_name":"src/networking/peer_registry.rs","byte_start":7312,"byte_end":7317,"line_start":220,"line_end":220,"column_start":28,"column_end":33,"is_primary":false,"text":[{"text":"    if !verify_pubkey_bytes(&pk) {","highlight_start":28,"highlight_end":33}],"label":"two arguments of type `&[u8]` and `&types::Signature` are missing","suggested_replacement":null,"suggestion_applicability":null,"expansion":null},{"file_name":"src/networking/peer_registry.rs","byte_start":7293,"byte_end":7312,"line_start":220,"line_end":220,"column_start":9,"column_end":28,"is_primary":true,"text":[{"text":"    if !verify_pubkey_bytes(&pk) {","highlight_start":9,"highlight_end":28}],"label":null,"suggested_replacement":null,"suggestion_applicability":null,"expansion":null}],"children":[{"message":"function defined here","code":null,"level":"note","spans":[{"file_name":"src/core/security/keystore.rs","byte_start":11911,"byte_end":11921,"line_start":362,"line_end":362,"column_start":49,"column_end":59,"is_primary":false,"text":[{"text":"pub fn verify_pubkey_bytes(pk_bytes: &[u8; 32], msg: &[u8], sig: &Signature) -> Result<(), KeystoreError> {","highlight_start":49,"highlight_end":59}],"label":"","suggested_replacement":null,"suggestion_applicability":null,"expansion":null},{"file_name":"src/core/security/keystore.rs","byte_start":11923,"byte_end":11938,"line_start":362,"line_end":362,"column_start":61,"column_end":76,"is_primary":false,"text":[{"text":"pub fn verify_pubkey_bytes(pk_bytes: &[u8; 32], msg: &[u8], sig: &Signature) -> Result<(), KeystoreError> {","highlight_start":61,"highlight_end":76}],"label":"","suggested_replacement":null,"suggestion_applicability":null,"expansion":null},{"file_name":"src/core/security/keystore.rs","byte_start":11870,"byte_end":11889,"line_start":362,"line_end":362,"column_start":8,"column_end":27,"is_primary":true,"text":[{"text":"pub fn verify_pubkey_bytes(pk_bytes: &[u8; 32], msg: &[u8], sig: &Signature) -> Result<(), KeystoreError> {","highlight_start":8,"highlight_end":27}],"label":null,"suggested_replacement":null,"suggestion_applicability":null,"expansion":null}],"children":[],"rendered":null},{"message":"provide the arguments","code":null,"level":"help","spans":[{"file_name":"src/networking/peer_registry.rs","byte_start":7312,"byte_end":7317,"line_start":220,"line_end":220,"column_start":28,"column_end":33,"is_primary":true,"text":[{"text":"    if !verify_pubkey_bytes(&pk) {","highlight_start":28,"highlight_end":33}],"label":null,"suggested_replacement":"(&pk, /* &[u8] */, /* &types::Signature */)","suggestion_applicability":"HasPlaceholders","expansion":null}],"children":[],"rendered":null}],"rendered":"\u001b[1m\u001b[91merror[E0061]\u001b[0m\u001b[1m: this function takes 3 arguments but 1 argument was supplied\u001b[0m\n   \u001b[1m\u001b[94m--> \u001b[0msrc/networking/peer_registry.rs:220:9\n    \u001b[1m\u001b[94m|\u001b[0m\n\u001b[1m\u001b[94m220\u001b[0m \u001b[1m\u001b[94m|\u001b[0m     if !verify_pubkey_bytes(&pk) {\n    \u001b[1m\u001b[94m|\u001b[0m         \u001b[1m\u001b[91m^^^^^^^^^^^^^^^^^^^\u001b[0m\u001b[1m\u001b[94m-----\u001b[0m \u001b[1m\u001b[94mtwo arguments of type `&[u8]` and `&types::Signature` are missing\u001b[0m\n    \u001b[1m\u001b[94m|\u001b[0m\n\u001b[1m\u001b[92mnote\u001b[0m: function defined here\n   \u001b[1m\u001b[94m--> \u001b[0msrc/core/security/keystore.rs:362:8\n    \u001b[1m\u001b[94m|\u001b[0m\n\u001b[1m\u001b[94m362\u001b[0m \u001b[1m\u001b[94m|\u001b[0m pub fn verify_pubkey_bytes(pk_bytes: &[u8; 32], msg: &[u8], sig: &Signature) -> Result<(), KeystoreError> {\n    \u001b[1m\u001b[94m|\u001b[0m        \u001b[1m\u001b[92m^^^^^^^^^^^^^^^^^^^\u001b[0m                      \u001b[1m\u001b[94m----------\u001b[0m  \u001b[1m\u001b[94m---------------\u001b[0m\n\u001b[1m\u001b[96mhelp\u001b[0m: provide the arguments\n    \u001b[1m\u001b[94m|\u001b[0m\n\u001b[1m\u001b[94m220\u001b[0m \u001b[1m\u001b[94m| \u001b[0m    if !verify_pubkey_bytes(&pk\u001b[92m, /* &[u8] */, /* &types::Signature */\u001b[0m) {\n    \u001b[1m\u001b[94m|\u001b[0m                                \u001b[92m++++++++++++++++++++++++++++++++++++++\u001b[0m\n\n"}
{"$message_type":"diagnostic","message":"cannot apply unary operator `!` to type `Result<(), KeystoreError>`","code":{"code":"E0600","explanation":"An unary operator was used on a type which doesn't implement it.\n\nErroneous code example:\n\n```compile_fail,E0600\nenum Question {\n    Yes,\n    No,\n}\n\n!Question::Yes; // error: cannot apply unary operator `!` to type `Question`\n```\n\nIn this case, `Question` would need to implement the `std::ops::Not` trait in\norder to be able to use `!` on it. Let's implement it:\n\n```\nuse std::ops::Not;\n\nenum Question {\n    Yes,\n    No,\n}\n\n// We implement the `Not` trait on the enum.\nimpl Not for Question {\n    type Output = bool;\n\n    fn not(self) -> bool {\n        match self {\n            Question::Yes => false, // If the `Answer` is `Yes`, then it\n                                    // returns false.\n            Question::No => true, // And here we do the opposite.\n        }\n    }\n}\n\nassert_eq!(!Question::Yes, false);\nassert_eq!(!Question::No, true);\n```\n"},"level":"error","spans":[{"file_name":"src/networking/peer_registry.rs","byte_start":7292,"byte_end":7317,"line_start":220,"line_end":220,"column_start":8,"column_end":33,"is_primary":true,"text":[{"text":"    if !verify_pubkey_bytes(&pk) {","highlight_start":8,"highlight_end":33}],"label":"cannot apply unary operator `!`","suggested_replacement":null,"suggestion_applicability":null,"expansion":null}],"children":[{"message":"the foreign item type `Result<(), KeystoreError>` doesn't implement `Not`","code":null,"level":"note","spans":[{"file_name":"/rustc/ded5c06cf21d2b93bffd5d884aa6e96934ee4234/library/core/src/result.rs","byte_start":21221,"byte_end":21242,"line_start":557,"line_end":557,"column_start":1,"column_end":22,"is_primary":true,"text":[],"label":"not implement `Not`","suggested_replacement":null,"suggestion_applicability":null,"expansion":null}],"children":[],"rendered":null}],"rendered":"\u001b[1m\u001b[91merror[E0600]\u001b[0m\u001b[1m: cannot apply unary operator `!` to type `Result<(), KeystoreError>`\u001b[0m\n   \u001b[1m\u001b[94m--> \u001b[0msrc/networking/peer_registry.rs:220:8\n    \u001b[1m\u001b[94m|\u001b[0m\n\u001b[1m\u001b[94m220\u001b[0m \u001b[1m\u001b[94m|\u001b[0m     if !verify_pubkey_bytes(&pk) {\n    \u001b[1m\u001b[94m|\u001b[0m        \u001b[1m\u001b[91m^^^^^^^^^^^^^^^^^^^^^^^^^\u001b[0m \u001b[1m\u001b[91mcannot apply unary operator `!`\u001b[0m\n    \u001b[1m\u001b[94m|\u001b[0m\n\u001b[1m\u001b[92mnote\u001b[0m: the foreign item type `Result<(), KeystoreError>` doesn't implement `Not`\n   \u001b[1m\u001b[94m--> \u001b[0m/rustc/ded5c06cf21d2b93bffd5d884aa6e96934ee4234/library/core/src/result.rs:557:1\n    \u001b[1m\u001b[94m|\u001b[0m\n    \u001b[1m\u001b[94m= \u001b[0m\u001b[1mnote\u001b[0m: \u001b[1m\u001b[92mnot implement `Not`\u001b[0m\n\n"}
{"$message_type":"diagnostic","message":"unused import: `Transactional`","code":{"code":"unused_imports","explanation":null},"level":"warning","spans":[{"file_name":"src/core/state/persistent_state.rs","byte_start":893,"byte_end":906,"line_start":19,"line_end":19,"column_start":55,"column_end":68,"is_primary":true,"text":[{"text":"use sled::transaction::{ConflictableTransactionError, Transactional};","highlight_start":55,"highlight_end":68}],"label":null,"suggested_replacement":null,"suggestion_applicability":null,"expansion":null}],"children":[],"rendered":"\u001b[1m\u001b[33mwarning\u001b[0m\u001b[1m: unused import: `Transactional`\u001b[0m\n  \u001b[1m\u001b[94m--> \u001b[0msrc/core/state/persistent_state.rs:19:55\n   \u001b[1m\u001b[94m|\u001b[0m\n\u001b[1m\u001b[94m19\u001b[0m \u001b[1m\u001b[94m|\u001b[0m use sled::transaction::{ConflictableTransactionError, Transactional};\n   \u001b[1m\u001b[94m|\u001b[0m                                                       \u001b[1m\u001b[33m^^^^^^^^^^^^^\u001b[0m\n\n"}
{"$message_type":"diagnostic","message":"non-exhaustive patterns: `Err(ConflictableTransactionError::Storage(_))` not covered","code":{"code":"E0004","explanation":"This error indicates that the compiler cannot guarantee a matching pattern for\none or more possible inputs to a match expression. Guaranteed matches are\nrequired in order to assign values to match expressions, or alternatively,\ndetermine the flow of execution.\n\nErroneous code example:\n\n```compile_fail,E0004\nenum Terminator {\n    HastaLaVistaBaby,\n    TalkToMyHand,\n}\n\nlet x = Terminator::HastaLaVistaBaby;\n\nmatch x { // error: non-exhaustive patterns: `HastaLaVistaBaby` not covered\n    Terminator::TalkToMyHand => {}\n}\n```\n\nIf you encounter this error you must alter your patterns so that every possible\nvalue of the input type is matched. For types with a small number of variants\n(like enums) you should probably cover all cases explicitly. Alternatively, the\nunderscore `_` wildcard pattern can be added after all other patterns to match\n\"anything else\". Example:\n\n```\nenum Terminator {\n    HastaLaVistaBaby,\n    TalkToMyHand,\n}\n\nlet x = Terminator::HastaLaVistaBaby;\n\nmatch x {\n    Terminator::TalkToMyHand => {}\n    Terminator::HastaLaVistaBaby => {}\n}\n\n// or:\n\nmatch x {\n    Terminator::TalkToMyHand => {}\n    _ => {}\n}\n```\n"},"level":"error","spans":[{"file_name":"src/core/state/persistent_state.rs","byte_start":3033,"byte_end":3036,"line_start":87,"line_end":87,"column_start":15,"column_end":18,"is_primary":true,"text":[{"text":"        match res {","highlight_start":15,"highlight_end":18}],"label":"pattern `Err(ConflictableTransactionError::Storage(_))` not covered","suggested_replacement":null,"suggestion_applicability":null,"expansion":null}],"children":[{"message":"`Result<(), ConflictableTransactionError<StateError>>` defined here","code":null,"level":"note","spans":[{"file_name":"/rustc/ded5c06cf21d2b93bffd5d884aa6e96934ee4234/library/core/src/result.rs","byte_start":21221,"byte_end":21242,"line_start":557,"line_end":557,"column_start":1,"column_end":22,"is_primary":true,"text":[],"label":"","suggested_replacement":null,"suggestion_applicability":null,"expansion":null},{"file_name":"/rustc/ded5c06cf21d2b93bffd5d884aa6e96934ee4234/library/core/src/result.rs","byte_start":21514,"byte_end":21517,"line_start":566,"line_end":566,"column_start":5,"column_end":8,"is_primary":false,"text":[],"label":"not covered","suggested_replacement":null,"suggestion_applicability":null,"expansion":null}],"children":[],"rendered":null},{"message":"the matched value is of type `Result<(), ConflictableTransactionError<StateError>>`","code":null,"level":"note","spans":[],"children":[],"rendered":null},{"message":"ensure that all possible cases are being handled by adding a match arm with a wildcard pattern or an explicit pattern as shown","code":null,"level":"help","spans":[{"file_name":"src/core/state/persistent_state.rs","byte_start":3331,"byte_end":3331,"line_start":91,"line_end":91,"column_start":87,"column_end":87,"is_primary":true,"text":[{"text":"            Err(ConflictableTransactionError::Conflict) => Err(StateError::TxConflict),","highlight_start":87,"highlight_end":87}],"label":null,"suggested_replacement":",\n            Err(ConflictableTransactionError::Storage(_)) => todo!()","suggestion_applicability":"HasPlaceholders","expansion":null}],"children":[],"rendered":null}],"rendered":"\u001b[1m\u001b[91merror[E0004]\u001b[0m\u001b[1m: non-exhaustive patterns: `Err(ConflictableTransactionError::Storage(_))` not covered\u001b[0m\n  \u001b[1m\u001b[94m--> \u001b[0msrc/core/state/persistent_state.rs:87:15\n   \u001b[1m\u001b[94m|\u001b[0m\n\u001b[1m\u001b[94m87\u001b[0m \u001b[1m\u001b[94m|\u001b[0m         match res {\n   \u001b[1m\u001b[94m|\u001b[0m               \u001b[1m\u001b[91m^^^\u001b[0m \u001b[1m\u001b[91mpattern `Err(ConflictableTransactionError::Storage(_))` not covered\u001b[0m\n   \u001b[1m\u001b[94m|\u001b[0m\n\u001b[1m\u001b[92mnote\u001b[0m: `Result<(), ConflictableTransactionError<StateError>>` defined here\n  \u001b[1m\u001b[94m--> \u001b[0m/rustc/ded5c06cf21d2b93bffd5d884aa6e96934ee4234/library/core/src/result.rs:557:1\n  \u001b[1m\u001b[94m::: \u001b[0m/rustc/ded5c06cf21d2b93bffd5d884aa6e96934ee4234/library/core/src/result.rs:566:5\n   \u001b[1m\u001b[94m|\u001b[0m\n   \u001b[1m\u001b[94m= \u001b[0m\u001b[1mnote\u001b[0m: \u001b[1m\u001b[94mnot covered\u001b[0m\n   \u001b[1m\u001b[94m= \u001b[0m\u001b[1mnote\u001b[0m: the matched value is of type `Result<(), ConflictableTransactionError<StateError>>`\n\u001b[1m\u001b[96mhelp\u001b[0m: ensure that all possible cases are being handled by adding a match arm with a wildcard pattern or an explicit pattern as shown\n   \u001b[1m\u001b[94m|\u001b[0m\n\u001b[1m\u001b[94m91\u001b[0m \u001b[92m~ \u001b[0m            Err(ConflictableTransactionError::Conflict) => Err(StateError::TxConflict)\u001b[92m,\u001b[0m\n\u001b[1m\u001b[94m92\u001b[0m \u001b[92m~             Err(ConflictableTransactionError::Storage(_)) => todo!()\u001b[0m,\n   \u001b[1m\u001b[94m|\u001b[0m\n\n"}
{"$message_type":"diagnostic","message":"unused variable: `value`","code":{"code":"unused_variables","explanation":null},"level":"warning","spans":[{"file_name":"src/core/state/persistent_state.rs","byte_start":4005,"byte_end":4010,"line_start":109,"line_end":109,"column_start":18,"column_end":23,"is_primary":true,"text":[{"text":"        let Some(value) = v else { return Ok(None); };","highlight_start":18,"highlight_end":23}],"label":null,"suggested_replacement":null,"suggestion_applicability":null,"expansion":null}],"children":[{"message":"`#[warn(unused_variables)]` (part of `#[warn(unused)]`) on by default","code":null,"level":"note","spans":[],"children":[],"rendered":null},{"message":"if this is intentional, prefix it with an underscore","code":null,"level":"help","spans":[{"file_name":"src/core/state/persistent_state.rs","byte_start":4005,"byte_end":4010,"line_start":109,"line_end":109,"column_start":18,"column_end":23,"is_primary":true,"text":[{"text":"        let Some(value) = v else { return Ok(None); };","highlight_start":18,"highlight_end":23}],"label":null,"suggested_replacement":"_value","suggestion_applicability":"MachineApplicable","expansion":null}],"children":[],"rendered":null}],"rendered":"\u001b[1m\u001b[33mwarning\u001b[0m\u001b[1m: unused variable: `value`\u001b[0m\n   \u001b[1m\u001b[94m--> \u001b[0msrc/core/state/persistent_state.rs:109:18\n    \u001b[1m\u001b[94m|\u001b[0m\n\u001b[1m\u001b[94m109\u001b[0m \u001b[1m\u001b[94m|\u001b[0m         let Some(value) = v else { return Ok(None); };\n    \u001b[1m\u001b[94m|\u001b[0m                  \u001b[1m\u001b[33m^^^^^\u001b[0m \u001b[1m\u001b[33mhelp: if this is intentional, prefix it with an underscore: `_value`\u001b[0m\n    \u001b[1m\u001b[94m|\u001b[0m\n    \u001b[1m\u001b[94m= \u001b[0m\u001b[1mnote\u001b[0m: `#[warn(unused_variables)]` (part of `#[warn(unused)]`) on by default\n\n"}
{"$message_type":"diagnostic","message":"cannot borrow `*self` as immutable because it is also borrowed as mutable","code":{"code":"E0502","explanation":"A variable already borrowed with a certain mutability (either mutable or\nimmutable) was borrowed again with a different mutability.\n\nErroneous code example:\n\n```compile_fail,E0502\nfn bar(x: &mut i32) {}\nfn foo(a: &mut i32) {\n    let y = &a; // a is borrowed as immutable.\n    bar(a); // error: cannot borrow `*a` as mutable because `a` is also borrowed\n            //        as immutable\n    println!(\"{}\", y);\n}\n```\n\nTo fix this error, ensure that you don't have any other references to the\nvariable before trying to access it with a different mutability:\n\n```\nfn bar(x: &mut i32) {}\nfn foo(a: &mut i32) {\n    bar(a);\n    let y = &a; // ok!\n    println!(\"{}\", y);\n}\n```\n\nFor more information on Rust's ownership system, take a look at the\n[References & Borrowing][references-and-borrowing] section of the Book.\n\n[references-and-borrowing]: https://doc.rust-lang.org/book/ch04-02-references-and-borrowing.html\n"},"level":"error","spans":[{"file_name":"src/networking/peer_score.rs","byte_start":3248,"byte_end":3252,"line_start":119,"line_end":119,"column_start":9,"column_end":13,"is_primary":true,"text":[{"text":"        self.decay_inner(st, now);","highlight_start":9,"highlight_end":13}],"label":"immutable borrow occurs here","suggested_replacement":null,"suggestion_applicability":null,"expansion":null},{"file_name":"src/networking/peer_score.rs","byte_start":3068,"byte_end":3078,"line_start":112,"line_end":112,"column_start":18,"column_end":28,"is_primary":false,"text":[{"text":"        let st = self.peers.entry(p).or_insert_with(|| PeerState {","highlight_start":18,"highlight_end":28}],"label":"mutable borrow occurs here","suggested_replacement":null,"suggestion_applicability":null,"expansion":null},{"file_name":"src/networking/peer_score.rs","byte_start":3265,"byte_end":3267,"line_start":119,"line_end":119,"column_start":26,"column_end":28,"is_primary":false,"text":[{"text":"        self.decay_inner(st, now);","highlight_start":26,"highlight_end":28}],"label":"mutable borrow later used here","suggested_replacement":null,"suggestion_applicability":null,"expansion":null}],"children":[],"rendered":"\u001b[1m\u001b[91merror[E0502]\u001b[0m\u001b[1m: cannot borrow `*self` as immutable because it is also borrowed as mutable\u001b[0m\n   \u001b[1m\u001b[94m--> \u001b[0msrc/networking/peer_score.rs:119:9\n    \u001b[1m\u001b[94m|\u001b[0m\n\u001b[1m\u001b[94m112\u001b[0m \u001b[1m\u001b[94m|\u001b[0m         let st = self.peers.entry(p).or_insert_with(|| PeerState {\n    \u001b[1m\u001b[94m|\u001b[0m                  \u001b[1m\u001b[94m----------\u001b[0m \u001b[1m\u001b[94mmutable borrow occurs here\u001b[0m\n\u001b[1m\u001b[94m...\u001b[0m\n\u001b[1m\u001b[94m119\u001b[0m \u001b[1m\u001b[94m|\u001b[0m         self.decay_inner(st, now);\n    \u001b[1m\u001b[94m|\u001b[0m         \u001b[1m\u001b[91m^^^^\u001b[0m             \u001b[1m\u001b[94m--\u001b[0m \u001b[1m\u001b[94mmutable borrow later used here\u001b[0m\n    \u001b[1m\u001b[94m|\u001b[0m         \u001b[1m\u001b[91m|\u001b[0m\n    \u001b[1m\u001b[94m|\u001b[0m         \u001b[1m\u001b[91mimmutable borrow occurs here\u001b[0m\n\n"}
{"$message_type":"diagnostic","message":"cannot borrow `*self` as immutable because it is also borrowed as mutable","code":{"code":"E0502","explanation":"A variable already borrowed with a certain mutability (either mutable or\nimmutable) was borrowed again with a different mutability.\n\nErroneous code example:\n\n```compile_fail,E0502\nfn bar(x: &mut i32) {}\nfn foo(a: &mut i32) {\n    let y = &a; // a is borrowed as immutable.\n    bar(a); // error: cannot borrow `*a` as mutable because `a` is also borrowed\n            //        as immutable\n    println!(\"{}\", y);\n}\n```\n\nTo fix this error, ensure that you don't have any other references to the\nvariable before trying to access it with a different mutability:\n\n```\nfn bar(x: &mut i32) {}\nfn foo(a: &mut i32) {\n    bar(a);\n    let y = &a; // ok!\n    println!(\"{}\", y);\n}\n```\n\nFor more information on Rust's ownership system, take a look at the\n[References & Borrowing][references-and-borrowing] section of the Book.\n\n[references-and-borrowing]: https://doc.rust-lang.org/book/ch04-02-references-and-borrowing.html\n"},"level":"error","spans":[{"file_name":"src/networking/peer_score.rs","byte_start":4113,"byte_end":4117,"line_start":143,"line_end":143,"column_start":13,"column_end":17,"is_primary":true,"text":[{"text":"            self.decay_inner(st, now);","highlight_start":13,"highlight_end":17}],"label":"immutable borrow occurs here","suggested_replacement":null,"suggestion_applicability":null,"expansion":null},{"file_name":"src/networking/peer_score.rs","byte_start":4077,"byte_end":4087,"line_start":142,"line_end":142,"column_start":27,"column_end":37,"is_primary":false,"text":[{"text":"        if let Some(st) = self.peers.get_mut(p) {","highlight_start":27,"highlight_end":37}],"label":"mutable borrow occurs here","suggested_replacement":null,"suggestion_applicability":null,"expansion":null},{"file_name":"src/networking/peer_score.rs","byte_start":4130,"byte_end":4132,"line_start":143,"line_end":143,"column_start":30,"column_end":32,"is_primary":false,"text":[{"text":"            self.decay_inner(st, now);","highlight_start":30,"highlight_end":32}],"label":"mutable borrow later used here","suggested_replacement":null,"suggestion_applicability":null,"expansion":null}],"children":[],"rendered":"\u001b[1m\u001b[91merror[E0502]\u001b[0m\u001b[1m: cannot borrow `*self` as immutable because it is also borrowed as mutable\u001b[0m\n   \u001b[1m\u001b[94m--> \u001b[0msrc/networking/peer_score.rs:143:13\n    \u001b[1m\u001b[94m|\u001b[0m\n\u001b[1m\u001b[94m142\u001b[0m \u001b[1m\u001b[94m|\u001b[0m         if let Some(st) = self.peers.get_mut(p) {\n    \u001b[1m\u001b[94m|\u001b[0m                           \u001b[1m\u001b[94m----------\u001b[0m \u001b[1m\u001b[94mmutable borrow occurs here\u001b[0m\n\u001b[1m\u001b[94m143\u001b[0m \u001b[1m\u001b[94m|\u001b[0m             self.decay_inner(st, now);\n    \u001b[1m\u001b[94m|\u001b[0m             \u001b[1m\u001b[91m^^^^\u001b[0m             \u001b[1m\u001b[94m--\u001b[0m \u001b[1m\u001b[94mmutable borrow later used here\u001b[0m\n    \u001b[1m\u001b[94m|\u001b[0m             \u001b[1m\u001b[91m|\u001b[0m\n    \u001b[1m\u001b[94m|\u001b[0m             \u001b[1m\u001b[91mimmutable borrow occurs here\u001b[0m\n\n"}
{"$message_type":"diagnostic","message":"aborting due to 25 previous errors; 3 warnings emitted","code":null,"level":"error","spans":[],"children":[],"rendered":"\u001b[1m\u001b[91merror\u001b[0m\u001b[1m: aborting due to 25 previous errors; 3 warnings emitted\u001b[0m\n\n"}
{"$message_type":"diagnostic","message":"Some errors have detailed explanations: E0004, E0061, E0282, E0308, E0412, E0425, E0432, E0433, E0502...","code":null,"level":"failure-note","spans":[],"children":[],"rendered":"\u001b[1mSome errors have detailed explanations: E0004, E0061, E0282, E0308, E0412, E0425, E0432, E0433, E0502...\u001b[0m\n"}
{"$message_type":"diagnostic","message":"For more information about an error, try `rustc --explain E0004`.","code":null,"level":"failure-note","spans":[],"children":[],"rendered":"\u001b[1mFor more information about an error, try `rustc --explain E0004`.\u001b[0m\n"}
